# JRE version: Java(TM) SE Runtime Environment (17.0.6+9) (build 17.0.6+9-LTS-190)
# Java VM: Java HotSpot(TM) 64-Bit Server VM (17.0.6+9-LTS-190, mixed mode, emulated-client, sharing, tiered, compressed oops, compressed class ptrs, g1 gc, windows-amd64)
GC Precious Log:
 CPUs: 8 total, 8 available
 Memory: 3838M
 Large Page Support: Disabled
 NUMA Support: Disabled
 Compressed Oops: Enabled (32-bit)
 Heap Region Size: 1M
 Heap Min Capacity: 8M
 Heap Initial Capacity: 60M
 Heap Max Capacity: 1G
 Pre-touch: Disabled
 Parallel Workers: 8
 Concurrent Workers: 2
 Concurrent Refinement Workers: 8
 Periodic GC: Disabled
Heap:
 garbage-first heap   total 126976K, used 36837K [0x00000000c0000000, 0x0000000100000000)
  region size 1024K, 1 young (1024K), 0 survivors (0K)
 Metaspace       used 62895K, committed 63360K, reserved 1105920K
  class space    used 8660K, committed 8896K, reserved 1048576K
GC Heap History (20 events):
Event: 2923.461 GC heap before
{Heap before GC invocations=200 (full 135):
 garbage-first heap   total 126976K, used 36839K [0x00000000c0000000, 0x0000000100000000)
  region size 1024K, 1 young (1024K), 0 survivors (0K)
 Metaspace       used 62895K, committed 63360K, reserved 1105920K
  class space    used 8660K, committed 8896K, reserved 1048576K
}
Event: 2923.528 GC heap after
{Heap after GC invocations=201 (full 136):
 garbage-first heap   total 126976K, used 36839K [0x00000000c0000000, 0x0000000100000000)
  region size 1024K, 0 young (0K), 0 survivors (0K)
 Metaspace       used 62895K, committed 63360K, reserved 1105920K
  class space    used 8660K, committed 8896K, reserved 1048576K
}
Event: 2933.770 GC heap before
{Heap before GC invocations=201 (full 136):
 garbage-first heap   total 126976K, used 36839K [0x00000000c0000000, 0x0000000100000000)
  region size 1024K, 1 young (1024K), 0 survivors (0K)
 Metaspace       used 62895K, committed 63360K, reserved 1105920K
  class space    used 8660K, committed 8896K, reserved 1048576K
}
Event: 2933.817 GC heap after
{Heap after GC invocations=202 (full 137):
 garbage-first heap   total 126976K, used 36839K [0x00000000c0000000, 0x0000000100000000)
  region size 1024K, 0 young (0K), 0 survivors (0K)
 Metaspace       used 62895K, committed 63360K, reserved 1105920K
  class space    used 8660K, committed 8896K, reserved 1048576K
}
Event: 2944.052 GC heap before
{Heap before GC invocations=202 (full 137):
 garbage-first heap   total 126976K, used 36839K [0x00000000c0000000, 0x0000000100000000)
  region size 1024K, 1 young (1024K), 0 survivors (0K)
 Metaspace       used 62895K, committed 63360K, reserved 1105920K
  class space    used 8660K, committed 8896K, reserved 1048576K
}
Event: 2944.092 GC heap after
{Heap after GC invocations=203 (full 138):
 garbage-first heap   total 126976K, used 36835K [0x00000000c0000000, 0x0000000100000000)
  region size 1024K, 0 young (0K), 0 survivors (0K)
 Metaspace       used 62895K, committed 63360K, reserved 1105920K
  class space    used 8660K, committed 8896K, reserved 1048576K
}
Event: 2954.432 GC heap before
{Heap before GC invocations=203 (full 138):
 garbage-first heap   total 126976K, used 36835K [0x00000000c0000000, 0x0000000100000000)
  region size 1024K, 1 young (1024K), 0 survivors (0K)
 Metaspace       used 62895K, committed 63360K, reserved 1105920K
  class space    used 8660K, committed 8896K, reserved 1048576K
}
Event: 2954.498 GC heap after
{Heap after GC invocations=204 (full 139):
 garbage-first heap   total 126976K, used 36835K [0x00000000c0000000, 0x0000000100000000)
  region size 1024K, 0 young (0K), 0 survivors (0K)
 Metaspace       used 62895K, committed 63360K, reserved 1105920K
  class space    used 8660K, committed 8896K, reserved 1048576K
}
Event: 2964.774 GC heap before
{Heap before GC invocations=204 (full 139):
 garbage-first heap   total 126976K, used 36835K [0x00000000c0000000, 0x0000000100000000)
  region size 1024K, 1 young (1024K), 0 survivors (0K)
 Metaspace       used 62895K, committed 63360K, reserved 1105920K
  class space    used 8660K, committed 8896K, reserved 1048576K
}
Event: 2964.816 GC heap after
{Heap after GC invocations=205 (full 140):
 garbage-first heap   total 126976K, used 36835K [0x00000000c0000000, 0x0000000100000000)
  region size 1024K, 0 young (0K), 0 survivors (0K)
 Metaspace       used 62895K, committed 63360K, reserved 1105920K
  class space    used 8660K, committed 8896K, reserved 1048576K
}
Event: 3107.290 GC heap before
{Heap before GC invocations=205 (full 140):
 garbage-first heap   total 126976K, used 46051K [0x00000000c0000000, 0x0000000100000000)
  region size 1024K, 10 young (10240K), 0 survivors (0K)
 Metaspace       used 62895K, committed 63360K, reserved 1105920K
  class space    used 8660K, committed 8896K, reserved 1048576K
}
Event: 3110.675 GC heap after
{Heap after GC invocations=206 (full 141):
 garbage-first heap   total 126976K, used 36840K [0x00000000c0000000, 0x0000000100000000)
  region size 1024K, 0 young (0K), 0 survivors (0K)
 Metaspace       used 62895K, committed 63360K, reserved 1105920K
  class space    used 8660K, committed 8896K, reserved 1048576K
}
Event: 3152.082 GC heap before
{Heap before GC invocations=206 (full 141):
 garbage-first heap   total 126976K, used 36840K [0x00000000c0000000, 0x0000000100000000)
  region size 1024K, 1 young (1024K), 0 survivors (0K)
 Metaspace       used 62895K, committed 63360K, reserved 1105920K
  class space    used 8660K, committed 8896K, reserved 1048576K
}
Event: 3152.674 GC heap after
{Heap after GC invocations=207 (full 142):
 garbage-first heap   total 126976K, used 36838K [0x00000000c0000000, 0x0000000100000000)
  region size 1024K, 0 young (0K), 0 survivors (0K)
 Metaspace       used 62895K, committed 63360K, reserved 1105920K
  class space    used 8660K, committed 8896K, reserved 1048576K
}
Event: 3163.052 GC heap before
{Heap before GC invocations=207 (full 142):
 garbage-first heap   total 126976K, used 36838K [0x00000000c0000000, 0x0000000100000000)
  region size 1024K, 1 young (1024K), 0 survivors (0K)
 Metaspace       used 62895K, committed 63360K, reserved 1105920K
  class space    used 8660K, committed 8896K, reserved 1048576K
}
Event: 3163.111 GC heap after
{Heap after GC invocations=208 (full 143):
 garbage-first heap   total 126976K, used 36838K [0x00000000c0000000, 0x0000000100000000)
  region size 1024K, 0 young (0K), 0 survivors (0K)
 Metaspace       used 62895K, committed 63360K, reserved 1105920K
  class space    used 8660K, committed 8896K, reserved 1048576K
}
Event: 3173.944 GC heap before
{Heap before GC invocations=208 (full 143):
 garbage-first heap   total 126976K, used 36838K [0x00000000c0000000, 0x0000000100000000)
  region size 1024K, 1 young (1024K), 0 survivors (0K)
 Metaspace       used 62895K, committed 63360K, reserved 1105920K
  class space    used 8660K, committed 8896K, reserved 1048576K
}
Event: 3174.053 GC heap after
{Heap after GC invocations=209 (full 144):
 garbage-first heap   total 126976K, used 36838K [0x00000000c0000000, 0x0000000100000000)
  region size 1024K, 0 young (0K), 0 survivors (0K)
 Metaspace       used 62895K, committed 63360K, reserved 1105920K
  class space    used 8660K, committed 8896K, reserved 1048576K
}
Event: 3190.656 GC heap before
{Heap before GC invocations=209 (full 144):
 garbage-first heap   total 126976K, used 36838K [0x00000000c0000000, 0x0000000100000000)
  region size 1024K, 1 young (1024K), 0 survivors (0K)
 Metaspace       used 62895K, committed 63360K, reserved 1105920K
  class space    used 8660K, committed 8896K, reserved 1048576K
}
Event: 3191.053 GC heap after
{Heap after GC invocations=210 (full 145):
 garbage-first heap   total 126976K, used 36837K [0x00000000c0000000, 0x0000000100000000)
  region size 1024K, 0 young (0K), 0 survivors (0K)
 Metaspace       used 62895K, committed 63360K, reserved 1105920K
  class space    used 8660K, committed 8896K, reserved 1048576K
}

